nohup: 忽略输入
第 1 轮规则挖掘开始
第 1 轮规则挖掘结束，耗时： 0.11 秒，挖掘出 166 条规则
第 1 轮规则标注开始
第 1 轮规则标注结束，正规则 64 条，负规则 47 条，耗时 6.11 秒
第 1 轮硬匹配开始
第 1 轮硬匹配结束，耗时 1.59 秒，硬匹配数量 1334 条，正例 462 条，负例 872 条
第 1 轮软匹配开始
第 1 轮软匹配结束，耗时 10.39 秒，软匹配数量 825 条，正例 512 条，负例 313 条
第 1 轮验证开始
第 1 轮验证结束，耗时 1.96 秒
第 1 轮合并标注句子开始
第 1 轮合并标注句子结束，耗时 0.03 秒
第 1 轮合并未标注句子开始
第 1 轮未标注句子结束，耗时 0.04 秒
第 1 轮规则最终标签标注开始
第 1 轮规则最终标签标注结束，耗时 49.77 秒
----------- 第 1 轮挖掘用时 70.01 秒 ----------- 
第 2 轮规则挖掘开始
第 2 轮规则挖掘结束，耗时： 0.30 秒，挖掘出 286 条规则
第 2 轮删除了 156 条规则 
第 2 轮规则标注开始
第 2 轮规则标注结束，正规则 68 条，负规则 26 条，耗时 11.60 秒
第 2 轮硬匹配开始
第 2 轮硬匹配结束，耗时 1.16 秒，硬匹配数量 413 条，正例 199 条，负例 214 条
第 2 轮软匹配开始
第 2 轮软匹配结束，耗时 6.95 秒，软匹配数量 747 条，正例 313 条，负例 434 条
第 2 轮验证开始
第 2 轮验证结束，耗时 1.86 秒
第 2 轮合并标注句子开始
第 2 轮合并标注句子结束，耗时 0.03 秒
第 2 轮合并未标注句子开始
第 2 轮未标注句子结束，耗时 0.03 秒
第 2 轮规则最终标签标注开始
第 2 轮规则最终标签标注结束，耗时 42.17 秒
----------- 第 2 轮挖掘用时 64.15 秒 ----------- 
第 3 轮规则挖掘开始
第 3 轮规则挖掘结束，耗时： 0.33 秒，挖掘出 405 条规则
第 3 轮删除了 292 条规则 
第 3 轮规则标注开始
第 3 轮规则标注结束，正规则 41 条，负规则 37 条，耗时 10.77 秒
第 3 轮硬匹配开始
第 3 轮硬匹配结束，耗时 0.95 秒，硬匹配数量 299 条，正例 89 条，负例 210 条
第 3 轮软匹配开始
第 3 轮软匹配结束，耗时 5.52 秒，软匹配数量 771 条，正例 208 条，负例 563 条
第 3 轮验证开始
第 3 轮验证结束，耗时 1.98 秒
第 3 轮合并标注句子开始
第 3 轮合并标注句子结束，耗时 0.03 秒
第 3 轮合并未标注句子开始
第 3 轮未标注句子结束，耗时 0.03 秒
第 3 轮规则最终标签标注开始
第 3 轮规则最终标签标注结束，耗时 38.42 秒
----------- 第 3 轮挖掘用时 58.13 秒 ----------- 
第 4 轮规则挖掘开始
第 4 轮规则挖掘结束，耗时： 0.38 秒，挖掘出 539 条规则
第 4 轮删除了 409 条规则 
第 4 轮规则标注开始
第 4 轮规则标注结束，正规则 40 条，负规则 51 条，耗时 12.72 秒
第 4 轮硬匹配开始
第 4 轮硬匹配结束，耗时 1.04 秒，硬匹配数量 391 条，正例 102 条，负例 289 条
第 4 轮软匹配开始
第 4 轮软匹配结束，耗时 6.13 秒，软匹配数量 878 条，正例 235 条，负例 643 条
第 4 轮验证开始
第 4 轮验证结束，耗时 2.21 秒
第 4 轮合并标注句子开始
第 4 轮合并标注句子结束，耗时 0.03 秒
第 4 轮合并未标注句子开始
第 4 轮未标注句子结束，耗时 0.03 秒
第 4 轮规则最终标签标注开始
第 4 轮规则最终标签标注结束，耗时 45.81 秒
----------- 第 4 轮挖掘用时 68.48 秒 ----------- 
第 5 轮规则挖掘开始
第 5 轮规则挖掘结束，耗时： 0.39 秒，挖掘出 648 条规则
第 5 轮删除了 539 条规则 
第 5 轮规则标注开始
第 5 轮规则标注结束，正规则 40 条，负规则 44 条，耗时 10.85 秒
第 5 轮硬匹配开始
第 5 轮硬匹配结束，耗时 0.90 秒，硬匹配数量 149 条，正例 41 条，负例 108 条
第 5 轮软匹配开始
第 5 轮软匹配结束，耗时 5.15 秒，软匹配数量 771 条，正例 133 条，负例 638 条
第 5 轮验证开始
第 5 轮验证结束，耗时 2.28 秒
第 5 轮合并标注句子开始
第 5 轮合并标注句子结束，耗时 0.03 秒
第 5 轮合并未标注句子开始
第 5 轮未标注句子结束，耗时 0.03 秒
第 5 轮规则最终标签标注开始
第 5 轮规则最终标签标注结束，耗时 38.75 秒
----------- 第 5 轮挖掘用时 58.55 秒 ----------- 
第 6 轮规则挖掘开始
第 6 轮规则挖掘结束，耗时： 0.44 秒，挖掘出 786 条规则
第 6 轮删除了 648 条规则 
第 6 轮规则标注开始
第 6 轮规则标注结束，正规则 23 条，负规则 78 条，耗时 13.62 秒
第 6 轮硬匹配开始
第 6 轮硬匹配结束，耗时 0.99 秒，硬匹配数量 393 条，正例 36 条，负例 357 条
第 6 轮软匹配开始
第 6 轮软匹配结束，耗时 6.50 秒，软匹配数量 816 条，正例 287 条，负例 529 条
第 6 轮验证开始
第 6 轮验证结束，耗时 2.36 秒
第 6 轮合并标注句子开始
第 6 轮合并标注句子结束，耗时 0.03 秒
第 6 轮合并未标注句子开始
第 6 轮未标注句子结束，耗时 0.03 秒
第 6 轮规则最终标签标注开始
第 6 轮规则最终标签标注结束，耗时 48.36 秒
----------- 第 6 轮挖掘用时 72.53 秒 ----------- 
第 7 轮规则挖掘开始
第 7 轮规则挖掘结束，耗时： 0.42 秒，挖掘出 865 条规则
第 7 轮删除了 784 条规则 
第 7 轮规则标注开始
第 7 轮规则标注结束，正规则 1 条，负规则 77 条，耗时 8.09 秒
第 7 轮硬匹配开始
第 7 轮硬匹配结束，耗时 0.73 秒，硬匹配数量 55 条，正例 1 条，负例 54 条
第 7 轮软匹配开始
第 7 轮软匹配结束，耗时 5.23 秒，软匹配数量 948 条，正例 258 条，负例 690 条
第 7 轮验证开始
第 7 轮验证结束，耗时 2.48 秒
第 7 轮合并标注句子开始
第 7 轮合并标注句子结束，耗时 0.03 秒
第 7 轮合并未标注句子开始
第 7 轮未标注句子结束，耗时 0.02 秒
第 7 轮规则最终标签标注开始
第 7 轮规则最终标签标注结束，耗时 30.56 秒
----------- 第 7 轮挖掘用时 47.81 秒 ----------- 
第 8 轮规则挖掘开始
第 8 轮规则挖掘结束，耗时： 0.46 秒，挖掘出 977 条规则
第 8 轮删除了 865 条规则 
第 8 轮规则标注开始
第 8 轮规则标注结束，正规则 1 条，负规则 108 条，耗时 11.56 秒
第 8 轮硬匹配开始
第 8 轮硬匹配结束，耗时 0.91 秒，硬匹配数量 29 条，正例 2 条，负例 27 条
第 8 轮软匹配开始
第 8 轮软匹配结束，耗时 6.76 秒，软匹配数量 816 条，正例 184 条，负例 632 条
第 8 轮验证开始
第 8 轮验证结束，耗时 2.52 秒
第 8 轮合并标注句子开始
第 8 轮合并标注句子结束，耗时 0.03 秒
第 8 轮合并未标注句子开始
第 8 轮未标注句子结束，耗时 0.02 秒
第 8 轮规则最终标签标注开始
第 8 轮规则最终标签标注结束，耗时 41.00 秒
----------- 第 8 轮挖掘用时 63.55 秒 ----------- 
第 9 轮规则挖掘开始
第 9 轮规则挖掘结束，耗时： 0.49 秒，挖掘出 1066 条规则
第 9 轮删除了 977 条规则 
第 9 轮规则标注开始
第 9 轮规则标注结束，正规则 0 条，负规则 89 条，耗时 8.88 秒
第 9 轮硬匹配开始
第 9 轮硬匹配结束，耗时 0.74 秒，硬匹配数量 7 条，正例 0 条，负例 7 条
第 9 轮软匹配开始
第 9 轮软匹配结束，耗时 5.61 秒，软匹配数量 640 条，正例 0 条，负例 640 条
第 9 轮验证开始
第 9 轮验证结束，耗时 2.58 秒
第 9 轮合并标注句子开始
第 9 轮合并标注句子结束，耗时 0.03 秒
第 9 轮合并未标注句子开始
第 9 轮未标注句子结束，耗时 0.02 秒
第 9 轮规则最终标签标注开始
第 9 轮规则最终标签标注结束，耗时 32.55 秒
----------- 第 9 轮挖掘用时 51.22 秒 ----------- 
Traceback (most recent call last):
  File "/home/XuHaoshuai/Project/IQR-Iterative-Quality-oriented-Rule-Discovery-for-Relation-Extraction/src/main_humanie_diff_label_couple_0.75.py", line 52, in <module>
    caculate(relation_filepath)
  File "/home/XuHaoshuai/Project/IQR-Iterative-Quality-oriented-Rule-Discovery-for-Relation-Extraction/src/caculate.py", line 50, in caculate
    soft_match_score = encoder.wv.n_similarity(sent_word_seq, rule_word_seq)
  File "/home/XuHaoshuai/miniconda3/envs/humanie_ipm/lib/python3.9/site-packages/gensim/models/keyedvectors.py", line 1175, in n_similarity
    v1 = [self[key] for key in ws1]
  File "/home/XuHaoshuai/miniconda3/envs/humanie_ipm/lib/python3.9/site-packages/gensim/models/keyedvectors.py", line 1175, in <listcomp>
    v1 = [self[key] for key in ws1]
  File "/home/XuHaoshuai/miniconda3/envs/humanie_ipm/lib/python3.9/site-packages/gensim/models/keyedvectors.py", line 379, in __getitem__
    return self.get_vector(key_or_keys)
  File "/home/XuHaoshuai/miniconda3/envs/humanie_ipm/lib/python3.9/site-packages/gensim/models/keyedvectors.py", line 422, in get_vector
    index = self.get_index(key)
  File "/home/XuHaoshuai/miniconda3/envs/humanie_ipm/lib/python3.9/site-packages/gensim/models/keyedvectors.py", line 396, in get_index
    raise KeyError(f"Key '{key}' not present")
KeyError: "Key '?' not present"
