nohup: 忽略输入
第 1 轮规则挖掘开始
第 1 轮规则挖掘结束，耗时： 0.11 秒，挖掘出 166 条规则
第 1 轮规则标注开始
第 1 轮规则标注结束，正规则 64 条，负规则 47 条，耗时 5.95 秒
第 1 轮硬匹配开始
第 1 轮硬匹配结束，耗时 1.52 秒，硬匹配数量 1334 条，正例 462 条，负例 872 条
第 1 轮软匹配开始
第 1 轮软匹配结束，耗时 9.85 秒，软匹配数量 825 条，正例 512 条，负例 313 条
第 1 轮验证开始
第 1 轮验证结束，耗时 1.72 秒
第 1 轮合并标注句子开始
第 1 轮合并标注句子结束，耗时 0.03 秒
第 1 轮合并未标注句子开始
第 1 轮未标注句子结束，耗时 0.03 秒
第 1 轮规则最终标签标注开始
第 1 轮规则最终标签标注结束，耗时 42.18 秒
----------- 第 1 轮挖掘用时 61.39 秒 ----------- 
第 2 轮规则挖掘开始
第 2 轮规则挖掘结束，耗时： 0.27 秒，挖掘出 286 条规则
第 2 轮删除了 156 条规则 
第 2 轮规则标注开始
第 2 轮规则标注结束，正规则 65 条，负规则 30 条，耗时 10.36 秒
第 2 轮硬匹配开始
第 2 轮硬匹配结束，耗时 0.84 秒，硬匹配数量 272 条，正例 75 条，负例 197 条
第 2 轮软匹配开始
第 2 轮软匹配结束，耗时 5.58 秒，软匹配数量 444 条，正例 140 条，负例 304 条
第 2 轮验证开始
第 2 轮验证结束，耗时 1.60 秒
第 2 轮合并标注句子开始
第 2 轮合并标注句子结束，耗时 0.03 秒
第 2 轮合并未标注句子开始
第 2 轮未标注句子结束，耗时 0.02 秒
第 2 轮规则最终标签标注开始
第 2 轮规则最终标签标注结束，耗时 37.13 秒
----------- 第 2 轮挖掘用时 55.88 秒 ----------- 
第 3 轮规则挖掘开始
第 3 轮规则挖掘结束，耗时： 0.30 秒，挖掘出 429 条规则
第 3 轮删除了 295 条规则 
第 3 轮规则标注开始
第 3 轮规则标注结束，正规则 58 条，负规则 40 条，耗时 11.38 秒
第 3 轮硬匹配开始
第 3 轮硬匹配结束，耗时 0.82 秒，硬匹配数量 304 条，正例 88 条，负例 216 条
第 3 轮软匹配开始
第 3 轮软匹配结束，耗时 5.27 秒，软匹配数量 444 条，正例 121 条，负例 323 条
第 3 轮验证开始
第 3 轮验证结束，耗时 1.58 秒
第 3 轮合并标注句子开始
第 3 轮合并标注句子结束，耗时 0.03 秒
第 3 轮合并未标注句子开始
第 3 轮未标注句子结束，耗时 0.02 秒
第 3 轮规则最终标签标注开始
第 3 轮规则最终标签标注结束，耗时 40.55 秒
----------- 第 3 轮挖掘用时 60.05 秒 ----------- 
第 4 轮规则挖掘开始
第 4 轮规则挖掘结束，耗时： 0.32 秒，挖掘出 546 条规则
第 4 轮删除了 428 条规则 
第 4 轮规则标注开始
第 4 轮规则标注结束，正规则 47 条，负规则 52 条，耗时 10.69 秒
第 4 轮硬匹配开始
第 4 轮硬匹配结束，耗时 0.76 秒，硬匹配数量 156 条，正例 13 条，负例 143 条
第 4 轮软匹配开始
第 4 轮软匹配结束，耗时 4.75 秒，软匹配数量 446 条，正例 27 条，负例 419 条
第 4 轮验证开始
第 4 轮验证结束，耗时 1.66 秒
第 4 轮合并标注句子开始
第 4 轮合并标注句子结束，耗时 0.03 秒
第 4 轮合并未标注句子开始
第 4 轮未标注句子结束，耗时 0.02 秒
第 4 轮规则最终标签标注开始
第 4 轮规则最终标签标注结束，耗时 38.09 秒
----------- 第 4 轮挖掘用时 56.46 秒 ----------- 
第 5 轮规则挖掘开始
第 5 轮规则挖掘结束，耗时： 0.34 秒，挖掘出 683 条规则
第 5 轮删除了 548 条规则 
第 5 轮规则标注开始
第 5 轮规则标注结束，正规则 29 条，负规则 68 条，耗时 12.83 秒
第 5 轮硬匹配开始
第 5 轮硬匹配结束，耗时 0.74 秒，硬匹配数量 202 条，正例 8 条，负例 194 条
第 5 轮软匹配开始
第 5 轮软匹配结束，耗时 4.75 秒，软匹配数量 507 条，正例 124 条，负例 383 条
第 5 轮验证开始
第 5 轮验证结束，耗时 1.61 秒
第 5 轮合并标注句子开始
第 5 轮合并标注句子结束，耗时 0.03 秒
第 5 轮合并未标注句子开始
第 5 轮未标注句子结束，耗时 0.02 秒
第 5 轮规则最终标签标注开始
第 5 轮规则最终标签标注结束，耗时 44.62 秒
----------- 第 5 轮挖掘用时 65.11 秒 ----------- 
第 6 轮规则挖掘开始
第 6 轮规则挖掘结束，耗时： 0.38 秒，挖掘出 755 条规则
第 6 轮删除了 682 条规则 
第 6 轮规则标注开始
第 6 轮规则标注结束，正规则 0 条，负规则 69 条，耗时 7.07 秒
第 6 轮硬匹配开始
第 6 轮硬匹配结束，耗时 0.50 秒，硬匹配数量 30 条，正例 0 条，负例 30 条
第 6 轮软匹配开始
第 6 轮软匹配结束，耗时 3.62 秒，软匹配数量 410 条，正例 0 条，负例 410 条
第 6 轮验证开始
第 6 轮验证结束，耗时 1.56 秒
第 6 轮合并标注句子开始
第 6 轮合并标注句子结束，耗时 0.03 秒
第 6 轮合并未标注句子开始
第 6 轮未标注句子结束，耗时 0.02 秒
第 6 轮规则最终标签标注开始
第 6 轮规则最终标签标注结束，耗时 25.81 秒
----------- 第 6 轮挖掘用时 39.19 秒 ----------- 
第 7 轮规则挖掘开始
第 7 轮规则挖掘结束，耗时： 0.35 秒，挖掘出 851 条规则
第 7 轮删除了 754 条规则 
第 7 轮规则标注开始
第 7 轮规则标注结束，正规则 1 条，负规则 86 条，耗时 9.56 秒
第 7 轮硬匹配开始
第 7 轮硬匹配结束，耗时 0.58 秒，硬匹配数量 35 条，正例 3 条，负例 32 条
第 7 轮软匹配开始
第 7 轮软匹配结束，耗时 4.31 秒，软匹配数量 702 条，正例 303 条，负例 399 条
第 7 轮验证开始
第 7 轮验证结束，耗时 1.59 秒
第 7 轮合并标注句子开始
第 7 轮合并标注句子结束，耗时 0.03 秒
第 7 轮合并未标注句子开始
第 7 轮未标注句子结束，耗时 0.02 秒
第 7 轮规则最终标签标注开始
第 7 轮规则最终标签标注结束，耗时 34.10 秒
----------- 第 7 轮挖掘用时 50.77 秒 ----------- 
第 8 轮规则挖掘开始
第 8 轮规则挖掘结束，耗时： 0.43 秒，挖掘出 970 条规则
第 8 轮删除了 851 条规则 
第 8 轮规则标注开始
第 8 轮规则标注结束，正规则 2 条，负规则 113 条，耗时 11.63 秒
第 8 轮硬匹配开始
第 8 轮硬匹配结束，耗时 0.73 秒，硬匹配数量 43 条，正例 2 条，负例 41 条
第 8 轮软匹配开始
第 8 轮软匹配结束，耗时 5.30 秒，软匹配数量 603 条，正例 259 条，负例 344 条
第 8 轮验证开始
第 8 轮验证结束，耗时 1.58 秒
第 8 轮合并标注句子开始
第 8 轮合并标注句子结束，耗时 0.03 秒
第 8 轮合并未标注句子开始
第 8 轮未标注句子结束，耗时 0.02 秒
第 8 轮规则最终标签标注开始
第 8 轮规则最终标签标注结束，耗时 41.66 秒
----------- 第 8 轮挖掘用时 61.65 秒 ----------- 
第 9 轮规则挖掘开始
第 9 轮规则挖掘结束，耗时： 0.39 秒，挖掘出 1046 条规则
第 9 轮删除了 908 条规则 
第 9 轮规则标注开始
第 9 轮规则标注结束，正规则 6 条，负规则 125 条，耗时 13.49 秒
第 9 轮硬匹配开始
第 9 轮硬匹配结束，耗时 0.79 秒，硬匹配数量 14 条，正例 3 条，负例 11 条
第 9 轮软匹配开始
第 9 轮软匹配结束，耗时 5.86 秒，软匹配数量 410 条，正例 60 条，负例 350 条
第 9 轮验证开始
第 9 轮验证结束，耗时 1.54 秒
第 9 轮合并标注句子开始
第 9 轮合并标注句子结束，耗时 0.03 秒
第 9 轮合并未标注句子开始
第 9 轮未标注句子结束，耗时 0.02 秒
第 9 轮规则最终标签标注开始
第 9 轮规则最终标签标注结束，耗时 47.93 秒
----------- 第 9 轮挖掘用时 70.33 秒 ----------- 
Traceback (most recent call last):
  File "/home/XuHaoshuai/Project/IQR-Iterative-Quality-oriented-Rule-Discovery-for-Relation-Extraction/src/main_humanie_diff_label_couple_0.py", line 50, in <module>
    caculate(relation_filepath)
  File "/home/XuHaoshuai/Project/IQR-Iterative-Quality-oriented-Rule-Discovery-for-Relation-Extraction/src/caculate.py", line 50, in caculate
    soft_match_score = encoder.wv.n_similarity(sent_word_seq, rule_word_seq)
  File "/home/XuHaoshuai/miniconda3/envs/humanie_ipm/lib/python3.9/site-packages/gensim/models/keyedvectors.py", line 1175, in n_similarity
    v1 = [self[key] for key in ws1]
  File "/home/XuHaoshuai/miniconda3/envs/humanie_ipm/lib/python3.9/site-packages/gensim/models/keyedvectors.py", line 1175, in <listcomp>
    v1 = [self[key] for key in ws1]
  File "/home/XuHaoshuai/miniconda3/envs/humanie_ipm/lib/python3.9/site-packages/gensim/models/keyedvectors.py", line 379, in __getitem__
    return self.get_vector(key_or_keys)
  File "/home/XuHaoshuai/miniconda3/envs/humanie_ipm/lib/python3.9/site-packages/gensim/models/keyedvectors.py", line 422, in get_vector
    index = self.get_index(key)
  File "/home/XuHaoshuai/miniconda3/envs/humanie_ipm/lib/python3.9/site-packages/gensim/models/keyedvectors.py", line 396, in get_index
    raise KeyError(f"Key '{key}' not present")
KeyError: "Key '?' not present"
