nohup: 忽略输入
第 1 轮规则挖掘开始
第 1 轮规则挖掘结束，耗时： 0.11 秒，挖掘出 166 条规则
第 1 轮规则标注开始
第 1 轮规则标注结束，正规则 64 条，负规则 47 条，耗时 6.06 秒
第 1 轮硬匹配开始
第 1 轮硬匹配结束，耗时 1.59 秒，硬匹配数量 1334 条，正例 462 条，负例 872 条
第 1 轮软匹配开始
第 1 轮软匹配结束，耗时 10.11 秒，软匹配数量 825 条，正例 512 条，负例 313 条
第 1 轮验证开始
第 1 轮验证结束，耗时 1.81 秒
第 1 轮合并标注句子开始
第 1 轮合并标注句子结束，耗时 0.03 秒
第 1 轮合并未标注句子开始
第 1 轮未标注句子结束，耗时 0.04 秒
第 1 轮规则最终标签标注开始
第 1 轮规则最终标签标注结束，耗时 47.39 秒
----------- 第 1 轮挖掘用时 67.15 秒 ----------- 
第 2 轮规则挖掘开始
第 2 轮规则挖掘结束，耗时： 0.29 秒，挖掘出 281 条规则
第 2 轮删除了 156 条规则 
第 2 轮规则标注开始
第 2 轮规则标注结束，正规则 65 条，负规则 27 条，耗时 10.66 秒
第 2 轮硬匹配开始
第 2 轮硬匹配结束，耗时 1.18 秒，硬匹配数量 381 条，正例 173 条，负例 208 条
第 2 轮软匹配开始
第 2 轮软匹配结束，耗时 6.78 秒，软匹配数量 757 条，正例 299 条，负例 458 条
第 2 轮验证开始
第 2 轮验证结束，耗时 1.82 秒
第 2 轮合并标注句子开始
第 2 轮合并标注句子结束，耗时 0.03 秒
第 2 轮合并未标注句子开始
第 2 轮未标注句子结束，耗时 0.03 秒
第 2 轮规则最终标签标注开始
第 2 轮规则最终标签标注结束，耗时 38.86 秒
----------- 第 2 轮挖掘用时 59.70 秒 ----------- 
第 3 轮规则挖掘开始
第 3 轮规则挖掘结束，耗时： 0.35 秒，挖掘出 387 条规则
第 3 轮删除了 287 条规则 
第 3 轮规则标注开始
第 3 轮规则标注结束，正规则 48 条，负规则 26 条，耗时 9.19 秒
第 3 轮硬匹配开始
第 3 轮硬匹配结束，耗时 0.90 秒，硬匹配数量 279 条，正例 104 条，负例 175 条
第 3 轮软匹配开始
第 3 轮软匹配结束，耗时 4.90 秒，软匹配数量 842 条，正例 219 条，负例 623 条
第 3 轮验证开始
第 3 轮验证结束，耗时 1.79 秒
第 3 轮合并标注句子开始
第 3 轮合并标注句子结束，耗时 0.03 秒
第 3 轮合并未标注句子开始
第 3 轮未标注句子结束，耗时 0.03 秒
第 3 轮规则最终标签标注开始
第 3 轮规则最终标签标注结束，耗时 33.07 秒
----------- 第 3 轮挖掘用时 50.35 秒 ----------- 
第 4 轮规则挖掘开始
第 4 轮规则挖掘结束，耗时： 0.35 秒，挖掘出 530 条规则
第 4 轮删除了 391 条规则 
第 4 轮规则标注开始
第 4 轮规则标注结束，正规则 43 条，负规则 46 条，耗时 13.47 秒
第 4 轮硬匹配开始
第 4 轮硬匹配结束，耗时 1.03 秒，硬匹配数量 404 条，正例 119 条，负例 285 条
第 4 轮软匹配开始
第 4 轮软匹配结束，耗时 5.95 秒，软匹配数量 850 条，正例 242 条，负例 608 条
第 4 轮验证开始
第 4 轮验证结束，耗时 1.85 秒
第 4 轮合并标注句子开始
第 4 轮合并标注句子结束，耗时 0.03 秒
第 4 轮合并未标注句子开始
第 4 轮未标注句子结束，耗时 0.03 秒
第 4 轮规则最终标签标注开始
第 4 轮规则最终标签标注结束，耗时 47.62 秒
----------- 第 4 轮挖掘用时 70.48 秒 ----------- 
第 5 轮规则挖掘开始
第 5 轮规则挖掘结束，耗时： 0.39 秒，挖掘出 656 条规则
第 5 轮删除了 529 条规则 
第 5 轮规则标注开始
第 5 轮规则标注结束，正规则 45 条，负规则 48 条，耗时 12.53 秒
第 5 轮硬匹配开始
第 5 轮硬匹配结束，耗时 1.02 秒，硬匹配数量 173 条，正例 55 条，负例 118 条
第 5 轮软匹配开始
第 5 轮软匹配结束，耗时 5.77 秒，软匹配数量 759 条，正例 152 条，负例 607 条
第 5 轮验证开始
第 5 轮验证结束，耗时 1.84 秒
第 5 轮合并标注句子开始
第 5 轮合并标注句子结束，耗时 0.03 秒
第 5 轮合并未标注句子开始
第 5 轮未标注句子结束，耗时 0.03 秒
第 5 轮规则最终标签标注开始
第 5 轮规则最终标签标注结束，耗时 44.28 秒
----------- 第 5 轮挖掘用时 66.07 秒 ----------- 
第 6 轮规则挖掘开始
第 6 轮规则挖掘结束，耗时： 0.38 秒，挖掘出 770 条规则
第 6 轮删除了 657 条规则 
第 6 轮规则标注开始
第 6 轮规则标注结束，正规则 24 条，负规则 63 条，耗时 11.23 秒
第 6 轮硬匹配开始
第 6 轮硬匹配结束，耗时 1.01 秒，硬匹配数量 345 条，正例 34 条，负例 311 条
第 6 轮软匹配开始
第 6 轮软匹配结束，耗时 5.70 秒，软匹配数量 820 条，正例 232 条，负例 588 条
第 6 轮验证开始
第 6 轮验证结束，耗时 1.89 秒
第 6 轮合并标注句子开始
第 6 轮合并标注句子结束，耗时 0.03 秒
第 6 轮合并未标注句子开始
第 6 轮未标注句子结束，耗时 0.03 秒
第 6 轮规则最终标签标注开始
第 6 轮规则最终标签标注结束，耗时 39.98 秒
----------- 第 6 轮挖掘用时 60.45 秒 ----------- 
第 7 轮规则挖掘开始
第 7 轮规则挖掘结束，耗时： 0.42 秒，挖掘出 857 条规则
第 7 轮删除了 769 条规则 
第 7 轮规则标注开始
第 7 轮规则标注结束，正规则 2 条，负规则 82 条，耗时 9.04 秒
第 7 轮硬匹配开始
第 7 轮硬匹配结束，耗时 0.82 秒，硬匹配数量 76 条，正例 10 条，负例 66 条
第 7 轮软匹配开始
第 7 轮软匹配结束，耗时 5.87 秒，软匹配数量 987 条，正例 275 条，负例 712 条
第 7 轮验证开始
第 7 轮验证结束，耗时 1.88 秒
第 7 轮合并标注句子开始
第 7 轮合并标注句子结束，耗时 0.03 秒
第 7 轮合并未标注句子开始
第 7 轮未标注句子结束，耗时 0.03 秒
第 7 轮规则最终标签标注开始
第 7 轮规则最终标签标注结束，耗时 33.01 秒
----------- 第 7 轮挖掘用时 51.35 秒 ----------- 
第 8 轮规则挖掘开始
第 8 轮规则挖掘结束，耗时： 0.43 秒，挖掘出 980 条规则
第 8 轮删除了 856 条规则 
第 8 轮规则标注开始
第 8 轮规则标注结束，正规则 1 条，负规则 112 条，耗时 12.87 秒
第 8 轮硬匹配开始
第 8 轮硬匹配结束，耗时 1.05 秒，硬匹配数量 53 条，正例 1 条，负例 52 条
第 8 轮软匹配开始
第 8 轮软匹配结束，耗时 7.42 秒，软匹配数量 1004 条，正例 339 条，负例 665 条
第 8 轮验证开始
第 8 轮验证结束，耗时 1.97 秒
第 8 轮合并标注句子开始
第 8 轮合并标注句子结束，耗时 0.03 秒
第 8 轮合并未标注句子开始
第 8 轮未标注句子结束，耗时 0.03 秒
第 8 轮规则最终标签标注开始
第 8 轮规则最终标签标注结束，耗时 47.35 秒
----------- 第 8 轮挖掘用时 71.43 秒 ----------- 
第 9 轮规则挖掘开始
第 9 轮规则挖掘结束，耗时： 0.47 秒，挖掘出 1066 条规则
第 9 轮删除了 980 条规则 
第 9 轮规则标注开始
第 9 轮规则标注结束，正规则 0 条，负规则 85 条，耗时 9.20 秒
第 9 轮硬匹配开始
第 9 轮硬匹配结束，耗时 0.78 秒，硬匹配数量 5 条，正例 0 条，负例 5 条
第 9 轮软匹配开始
第 9 轮软匹配结束，耗时 5.72 秒，软匹配数量 661 条，正例 0 条，负例 661 条
第 9 轮验证开始
第 9 轮验证结束，耗时 1.99 秒
第 9 轮合并标注句子开始
第 9 轮合并标注句子结束，耗时 0.03 秒
第 9 轮合并未标注句子开始
第 9 轮未标注句子结束，耗时 0.02 秒
第 9 轮规则最终标签标注开始
第 9 轮规则最终标签标注结束，耗时 33.23 秒
----------- 第 9 轮挖掘用时 51.77 秒 ----------- 
Traceback (most recent call last):
  File "/home/XuHaoshuai/Project/IQR-Iterative-Quality-oriented-Rule-Discovery-for-Relation-Extraction/src/main_humanie_diff_label_couple_0.25.py", line 50, in <module>
    caculate(relation_filepath)
  File "/home/XuHaoshuai/Project/IQR-Iterative-Quality-oriented-Rule-Discovery-for-Relation-Extraction/src/caculate.py", line 50, in caculate
    soft_match_score = encoder.wv.n_similarity(sent_word_seq, rule_word_seq)
  File "/home/XuHaoshuai/miniconda3/envs/humanie_ipm/lib/python3.9/site-packages/gensim/models/keyedvectors.py", line 1175, in n_similarity
    v1 = [self[key] for key in ws1]
  File "/home/XuHaoshuai/miniconda3/envs/humanie_ipm/lib/python3.9/site-packages/gensim/models/keyedvectors.py", line 1175, in <listcomp>
    v1 = [self[key] for key in ws1]
  File "/home/XuHaoshuai/miniconda3/envs/humanie_ipm/lib/python3.9/site-packages/gensim/models/keyedvectors.py", line 379, in __getitem__
    return self.get_vector(key_or_keys)
  File "/home/XuHaoshuai/miniconda3/envs/humanie_ipm/lib/python3.9/site-packages/gensim/models/keyedvectors.py", line 422, in get_vector
    index = self.get_index(key)
  File "/home/XuHaoshuai/miniconda3/envs/humanie_ipm/lib/python3.9/site-packages/gensim/models/keyedvectors.py", line 396, in get_index
    raise KeyError(f"Key '{key}' not present")
KeyError: "Key '?' not present"
