nohup: 忽略输入
第 1 轮规则挖掘开始
第 1 轮规则挖掘结束，耗时： 0.11 秒，挖掘出 166 条规则
第 1 轮规则标注开始
第 1 轮规则标注结束，正规则 64 条，负规则 47 条，耗时 6.26 秒
第 1 轮硬匹配开始
第 1 轮硬匹配结束，耗时 1.61 秒，硬匹配数量 1334 条，正例 462 条，负例 872 条
第 1 轮软匹配开始
第 1 轮软匹配结束，耗时 10.55 秒，软匹配数量 825 条，正例 512 条，负例 313 条
第 1 轮验证开始
第 1 轮验证结束，耗时 2.13 秒
第 1 轮合并标注句子开始
第 1 轮合并标注句子结束，耗时 0.03 秒
第 1 轮合并未标注句子开始
第 1 轮未标注句子结束，耗时 0.04 秒
第 1 轮规则最终标签标注开始
第 1 轮规则最终标签标注结束，耗时 49.70 秒
----------- 第 1 轮挖掘用时 70.44 秒 ----------- 
第 2 轮规则挖掘开始
第 2 轮规则挖掘结束，耗时： 0.31 秒，挖掘出 274 条规则
第 2 轮删除了 156 条规则 
第 2 轮规则标注开始
第 2 轮规则标注结束，正规则 62 条，负规则 23 条，耗时 10.37 秒
第 2 轮硬匹配开始
第 2 轮硬匹配结束，耗时 1.08 秒，硬匹配数量 380 条，正例 186 条，负例 194 条
第 2 轮软匹配开始
第 2 轮软匹配结束，耗时 6.42 秒，软匹配数量 715 条，正例 315 条，负例 400 条
第 2 轮验证开始
第 2 轮验证结束，耗时 1.85 秒
第 2 轮合并标注句子开始
第 2 轮合并标注句子结束，耗时 0.03 秒
第 2 轮合并未标注句子开始
第 2 轮未标注句子结束，耗时 0.03 秒
第 2 轮规则最终标签标注开始
第 2 轮规则最终标签标注结束，耗时 37.12 秒
----------- 第 2 轮挖掘用时 57.28 秒 ----------- 
第 3 轮规则挖掘开始
第 3 轮规则挖掘结束，耗时： 0.33 秒，挖掘出 396 条规则
第 3 轮删除了 280 条规则 
第 3 轮规则标注开始
第 3 轮规则标注结束，正规则 50 条，负规则 30 条，耗时 10.64 秒
第 3 轮硬匹配开始
第 3 轮硬匹配结束，耗时 0.96 秒，硬匹配数量 307 条，正例 114 条，负例 193 条
第 3 轮软匹配开始
第 3 轮软匹配结束，耗时 5.40 秒，软匹配数量 875 条，正例 252 条，负例 623 条
第 3 轮验证开始
第 3 轮验证结束，耗时 2.02 秒
第 3 轮合并标注句子开始
第 3 轮合并标注句子结束，耗时 0.03 秒
第 3 轮合并未标注句子开始
第 3 轮未标注句子结束，耗时 0.03 秒
第 3 轮规则最终标签标注开始
第 3 轮规则最终标签标注结束，耗时 38.85 秒
----------- 第 3 轮挖掘用时 58.36 秒 ----------- 
第 4 轮规则挖掘开始
第 4 轮规则挖掘结束，耗时： 0.38 秒，挖掘出 535 条规则
第 4 轮删除了 400 条规则 
第 4 轮规则标注开始
第 4 轮规则标注结束，正规则 45 条，负规则 48 条，耗时 13.23 秒
第 4 轮硬匹配开始
第 4 轮硬匹配结束，耗时 1.04 秒，硬匹配数量 397 条，正例 122 条，负例 275 条
第 4 轮软匹配开始
第 4 轮软匹配结束，耗时 6.12 秒，软匹配数量 872 条，正例 269 条，负例 603 条
第 4 轮验证开始
第 4 轮验证结束，耗时 2.03 秒
第 4 轮合并标注句子开始
第 4 轮合并标注句子结束，耗时 0.03 秒
第 4 轮合并未标注句子开始
第 4 轮未标注句子结束，耗时 0.03 秒
第 4 轮规则最终标签标注开始
第 4 轮规则最终标签标注结束，耗时 46.69 秒
----------- 第 4 轮挖掘用时 69.68 秒 ----------- 
第 5 轮规则挖掘开始
第 5 轮规则挖掘结束，耗时： 0.38 秒，挖掘出 667 条规则
第 5 轮删除了 534 条规则 
第 5 轮规则标注开始
第 5 轮规则标注结束，正规则 48 条，负规则 56 条，耗时 13.38 秒
第 5 轮硬匹配开始
第 5 轮硬匹配结束，耗时 1.10 秒，硬匹配数量 187 条，正例 53 条，负例 134 条
第 5 轮软匹配开始
第 5 轮软匹配结束，耗时 6.24 秒，软匹配数量 827 条，正例 154 条，负例 673 条
第 5 轮验证开始
第 5 轮验证结束，耗时 2.07 秒
第 5 轮合并标注句子开始
第 5 轮合并标注句子结束，耗时 0.03 秒
第 5 轮合并未标注句子开始
第 5 轮未标注句子结束，耗时 0.03 秒
第 5 轮规则最终标签标注开始
第 5 轮规则最终标签标注结束，耗时 46.37 秒
----------- 第 5 轮挖掘用时 69.78 秒 ----------- 
第 6 轮规则挖掘开始
第 6 轮规则挖掘结束，耗时： 0.43 秒，挖掘出 786 条规则
第 6 轮删除了 668 条规则 
第 6 轮规则标注开始
第 6 轮规则标注结束，正规则 20 条，负规则 70 条，耗时 11.91 秒
第 6 轮硬匹配开始
第 6 轮硬匹配结束，耗时 0.94 秒，硬匹配数量 366 条，正例 32 条，负例 334 条
第 6 轮软匹配开始
第 6 轮软匹配结束，耗时 6.04 秒，软匹配数量 833 条，正例 283 条，负例 550 条
第 6 轮验证开始
第 6 轮验证结束，耗时 2.21 秒
第 6 轮合并标注句子开始
第 6 轮合并标注句子结束，耗时 0.03 秒
第 6 轮合并未标注句子开始
第 6 轮未标注句子结束，耗时 0.03 秒
第 6 轮规则最终标签标注开始
第 6 轮规则最终标签标注结束，耗时 42.03 秒
----------- 第 6 轮挖掘用时 63.84 秒 ----------- 
第 7 轮规则挖掘开始
第 7 轮规则挖掘结束，耗时： 0.39 秒，挖掘出 863 条规则
第 7 轮删除了 785 条规则 
第 7 轮规则标注开始
第 7 轮规则标注结束，正规则 1 条，负规则 75 条，耗时 8.04 秒
第 7 轮硬匹配开始
第 7 轮硬匹配结束，耗时 0.75 秒，硬匹配数量 51 条，正例 4 条，负例 47 条
第 7 轮软匹配开始
第 7 轮软匹配结束，耗时 5.26 秒，软匹配数量 874 条，正例 172 条，负例 702 条
第 7 轮验证开始
第 7 轮验证结束，耗时 2.22 秒
第 7 轮合并标注句子开始
第 7 轮合并标注句子结束，耗时 0.03 秒
第 7 轮合并未标注句子开始
第 7 轮未标注句子结束，耗时 0.02 秒
第 7 轮规则最终标签标注开始
第 7 轮规则最终标签标注结束，耗时 30.34 秒
----------- 第 7 轮挖掘用时 47.31 秒 ----------- 
第 8 轮规则挖掘开始
第 8 轮规则挖掘结束，耗时： 0.44 秒，挖掘出 979 条规则
第 8 轮删除了 864 条规则 
第 8 轮规则标注开始
第 8 轮规则标注结束，正规则 1 条，负规则 112 条，耗时 12.34 秒
第 8 轮硬匹配开始
第 8 轮硬匹配结束，耗时 1.03 秒，硬匹配数量 46 条，正例 1 条，负例 45 条
第 8 轮软匹配开始
第 8 轮软匹配结束，耗时 7.88 秒，软匹配数量 987 条，正例 346 条，负例 641 条
第 8 轮验证开始
第 8 轮验证结束，耗时 2.31 秒
第 8 轮合并标注句子开始
第 8 轮合并标注句子结束，耗时 0.03 秒
第 8 轮合并未标注句子开始
第 8 轮未标注句子结束，耗时 0.03 秒
第 8 轮规则最终标签标注开始
第 8 轮规则最终标签标注结束，耗时 44.18 秒
----------- 第 8 轮挖掘用时 68.54 秒 ----------- 
第 9 轮规则挖掘开始
第 9 轮规则挖掘结束，耗时： 0.46 秒，挖掘出 1077 条规则
第 9 轮删除了 979 条规则 
第 9 轮规则标注开始
第 9 轮规则标注结束，正规则 2 条，负规则 94 条，耗时 10.20 秒
第 9 轮硬匹配开始
第 9 轮硬匹配结束，耗时 0.85 秒，硬匹配数量 9 条，正例 6 条，负例 3 条
第 9 轮软匹配开始
第 9 轮软匹配结束，耗时 6.11 秒，软匹配数量 1038 条，正例 394 条，负例 644 条
第 9 轮验证开始
第 9 轮验证结束，耗时 2.36 秒
第 9 轮合并标注句子开始
第 9 轮合并标注句子结束，耗时 0.03 秒
第 9 轮合并未标注句子开始
第 9 轮未标注句子结束，耗时 0.03 秒
第 9 轮规则最终标签标注开始
第 9 轮规则最终标签标注结束，耗时 37.83 秒
----------- 第 9 轮挖掘用时 58.18 秒 ----------- 
Traceback (most recent call last):
  File "/home/XuHaoshuai/Project/IQR-Iterative-Quality-oriented-Rule-Discovery-for-Relation-Extraction/src/main_humanie_diff_label_couple_0.5.py", line 50, in <module>
    caculate(relation_filepath)
  File "/home/XuHaoshuai/Project/IQR-Iterative-Quality-oriented-Rule-Discovery-for-Relation-Extraction/src/caculate.py", line 50, in caculate
    soft_match_score = encoder.wv.n_similarity(sent_word_seq, rule_word_seq)
  File "/home/XuHaoshuai/miniconda3/envs/humanie_ipm/lib/python3.9/site-packages/gensim/models/keyedvectors.py", line 1175, in n_similarity
    v1 = [self[key] for key in ws1]
  File "/home/XuHaoshuai/miniconda3/envs/humanie_ipm/lib/python3.9/site-packages/gensim/models/keyedvectors.py", line 1175, in <listcomp>
    v1 = [self[key] for key in ws1]
  File "/home/XuHaoshuai/miniconda3/envs/humanie_ipm/lib/python3.9/site-packages/gensim/models/keyedvectors.py", line 379, in __getitem__
    return self.get_vector(key_or_keys)
  File "/home/XuHaoshuai/miniconda3/envs/humanie_ipm/lib/python3.9/site-packages/gensim/models/keyedvectors.py", line 422, in get_vector
    index = self.get_index(key)
  File "/home/XuHaoshuai/miniconda3/envs/humanie_ipm/lib/python3.9/site-packages/gensim/models/keyedvectors.py", line 396, in get_index
    raise KeyError(f"Key '{key}' not present")
KeyError: "Key '?' not present"
